****** Advanced Variation Analysis ******
Copyright (c) 2018 - 2024 by Synopsys, Inc. All Rights Reserved.

This software and the associated documentation are proprietary
to Synopsys, Inc. This software may only be used in accordance
with the terms and conditions of a written license agreement with
Synopsys, Inc. All other use, reproduction, or distribution of
this software is strictly prohibited.

AVA Version: T-2022.06-SP2, Build time: Wed Nov 23 00:57:55 2022, Application start time: Thu May 23 15:53:57 2024
Hostname: aorus, Username: glima, PID: 2059661
Working_Directory : /home/glima/Electrical-Behaviour-Prediction/FINFET/5nm/NOT/Data/sim2
Command_Line_Options : out.info2.json

This file format and content are subject to change.
================================================================


Running : Sigma Amplification
Program finished successfully. (SUCCESS)


Ended at Thu May 23 15:53:59 2024

Peak Memory Usage (MB):
Resident Set Size = 159
Virtual Memory Size = 462

License checkout elapsed time: 0.0 seconds

Total elapsed time: 2.2 seconds (exit code=0)
