 ****** PrimeSim HSPICE -- T-2022.06-SP2 linux64 (Nov 22 2022 7905465) ******
  Copyright (c) 1986 - 2023 by Synopsys, Inc. All Rights Reserved.
  This software and the associated documentation are proprietary
  to Synopsys, Inc. This software may only be used in accordance
  with the terms and conditions of a written license agreement with
  Synopsys, Inc. All other use, reproduction, or distribution of
  this software is strictly prohibited.
  Input File: FET_INVERTER/results/28/inverter_spc.sp                           
  Command line options: /usr/synopsys/hspice/hspice_vT-2022.06-SP2/hspice/linux64/hspice -i FET_INVERTER/results/28/inverter_spc.sp -o FET_INVERTER/results/28
  Start time: Tue May 16 16:09:34 2023
 lic:  
 lic: FLEXlm: SDK_12.11.3 
 lic: USER:   glima                HOSTNAME: aorus 
 lic: HOSTID: d76153d              PID:      1955635 
 lic: Using FLEXlm license file: 
 lic: 27020@localhost 
 lic: Checkout 1 hspice 
 lic: License/Maintenance for hspice will expire on 30-jun-2024/2022.06 
 lic: 5(in_use)/50(total) FLOATING license(s) on SERVER 27020@localhost 
 lic:   
  **error** (FET_INVERTER/results/28/inverter_spc.sp:5) unable to open file "./hp7nfet.pm" . Either the file doesn't exist or the path is wrong. Please enter the correct file location. 

               ***** job aborted
 lic: Release hspice token(s) 
 lic: total license checkout elapse time:        0.02(s)
