****** Advanced Variability Analysis ******
Copyright (c) 2018 - 2022 by Synopsys, Inc. All Rights Reserved.

This software and the associated documentation are proprietary
to Synopsys, Inc. This software may only be used in accordance
with the terms and conditions of a written license agreement with
Synopsys, Inc. All other use, reproduction, or distribution of
this software is strictly prohibited.

AVA Version: S-2021.09-DEV, Build time: Thu Oct 28 06:52:47 2021, Application start time: Sun Jun 19 00:21:08 2022
Hostname: aorus, Username: glima, PID: 4088013
Working_Directory : /home/glima/PIC2020/CMOS/NOT/Data/data_simulation0/9V_inversor
Command_Line_Options : Inversorvar.info32.json

This file format and content are subject to change.
================================================================


Running : Sigma Amplification
Program finished successfully.


Ended at Sun Jun 19 00:21:10 2022

Peak Memory Usage (MB):
Resident Set Size = 158
Virtual Memory Size = 454

Total elapsed time: 2.3 seconds (exit code=0)
